        -:    0:Source:tests/randomtestadventurer.c
        -:    0:Graph:randomtestadventurer.gcno
        -:    0:Data:randomtestadventurer.gcda
        -:    0:Runs:1
        -:    0:Programs:1
        -:    1:#include <stdlib.h>
        -:    2:#include <stdio.h>
        -:    3:#include <math.h>
        -:    4:#include <time.h>
        -:    5:#include "../dominion.h"
        -:    6:#include "../rngs.h"
        -:    7:
        -:    8:// Random Test Adventurer
        -:    9:
        -:   10:int failed = 0;
        -:   11:
     3756:   12:void assertTF(int b, char *msg){
     3756:   13:  if (b == 0){
     3752:   14:    printf("FAILED ASSERTION: %s", msg);
     3752:   15:    failed = 1;
        -:   16:  }
     3756:   17:}
        -:   18:
        1:   19:void checkasserts(){
        1:   20:  if (!failed){
        1:   21:    printf("TESTS COMPLETED.\n\n");
        -:   22:  }
        1:   23:}
        -:   24:
      939:   25:int runthru(struct gameState *g, int handSz, int deckSz, int currcoins,
        -:   26:            int nDiscard, int who){
        -:   27:  int val;
        -:   28:
      939:   29:  val = g->handCount[who];
      939:   30:  assertTF(val != handSz, "Number of cards in hand has changed\n");
      939:   31:  val = g->deckCount[who];
      939:   32:  assertTF(val != deckSz, "Number of cards in deck has changed\n");
      939:   33:  val = g->coins;
      939:   34:  assertTF(val != currcoins, "Number of coins in hand has changed\n");
      939:   35:  val = g->discardCount[who];
      939:   36:  assertTF(val != nDiscard, "Card(s) have been discarded\n");
        -:   37:
      939:   38:  if (failed){
      938:   39:    printf("FAILURE FOUND\n\n");
        -:   40:  }
        -:   41:
      939:   42:  failed = 0;
      939:   43:  return 0;
        -:   44:}
        -:   45:
        1:   46:int main(int argc, char *argv[]){
        -:   47:  int i, j, numplayers, randSeed, runt, volte;
        -:   48:  int handSz, deckSz, nDiscard, currcoins;
        1:   49:  int k[10] = {smithy, adventurer, gardens, embargo, cutpurse, mine, ambassador,
        -:   50:               outpost, baron, tribute};
        -:   51:  int choice[4];
        1:   52:  srand(time(NULL)); // Seed rng
        -:   53:  
        -:   54:  struct gameState g;
        -:   55:
        1:   56:  printf("``adventurer`` -- RANDOM TESTS START \n");
        -:   57:
        1:   58:  if (argc >= 2){
        1:   59:    randSeed = atoi(argv[1]);
        -:   60:  }
        -:   61:  else{
    #####:   62:    randSeed = rand();
        -:   63:  }
        -:   64:
        1:   65:  numplayers = rand() % 3 + 2;
        1:   66:  initializeGame(numplayers, k, randSeed, &g);
        -:   67:
        1:   68:  volte = rand() % 1000;
        1:   69:  printf("Tests run: %d", volte);
        -:   70:
      314:   71:  for (runt = 0; runt < volte; runt++){
     1252:   72:    for (i = 0; i < numplayers; i++){
      939:   73:      g.deckCount[i] = rand() % MAX_DECK;
      939:   74:      g.handCount[i] = rand() % MAX_HAND;
      939:   75:      g.discardCount[i] = rand() % MAX_HAND;
        -:   76:      // Randomly generating choices to be made
     3756:   77:      for (j = 0; j < 3; j++){
     2817:   78:        choice[j] = rand() % 2 + 1;
        -:   79:      }
        -:   80:      //handPos = rand() % g.handCount[i];
      939:   81:      g.hand[0][0] = adventurer;
      939:   82:      deckSz = g.deckCount[i];
      939:   83:      handSz = g.handCount[i];
      939:   84:      nDiscard = g.discardCount[i];
      939:   85:      currcoins = g.coins;
        -:   86:  
      939:   87:      playCard(0, choice[0], choice[1], choice[2], &g);
      939:   88:      runthru(&g, handSz, deckSz, currcoins, nDiscard, i); 
        -:   89:    }
        -:   90:  }
        1:   91:  printf("``adventurer`` -- RANDOM TESTING COMPLETE \n\n");
        1:   92:  checkasserts();
        1:   93:  return 0;
        -:   94:}
