        -:    0:Source:tests/randomtestadventurer.c
        -:    0:Graph:randomtestadventurer.gcno
        -:    0:Data:randomtestadventurer.gcda
        -:    0:Runs:1
        -:    0:Programs:1
        -:    1:#include <stdlib.h>
        -:    2:#include <stdio.h>
        -:    3:#include <math.h>
        -:    4:#include <time.h>
        -:    5:#include "../dominion.h"
        -:    6:#include "../rngs.h"
        -:    7:
        -:    8:// Random Test Adventurer
        -:    9:
        -:   10:int failed = 0;
        -:   11:
     1988:   12:void assertTF(int b, char *msg){
     1988:   13:  if (b == 0){
        6:   14:    printf("FAILED ASSERTION: %s", msg);
        6:   15:    failed = 1;
        -:   16:  }
     1988:   17:}
        -:   18:
        1:   19:void checkasserts(){
        1:   20:  if (!failed){
        1:   21:    printf("TESTS COMPLETED.\n\n");
        -:   22:  }
        1:   23:}
        -:   24:
      497:   25:int runthru(struct gameState *g, int handSz, int deckSz, int currcoins,
        -:   26:            int nDiscard, int who){
        -:   27:  int val;
        -:   28:
      497:   29:  val = g->handCount[who];
      497:   30:  assertTF(val != handSz, "Number of cards in hand has changed\n");
      497:   31:  val = g->deckCount[who];
      497:   32:  assertTF(val != deckSz, "Number of cards in deck has changed\n");
      497:   33:  val = g->coins;
      497:   34:  assertTF(val != currcoins, "Number of coins in hand has changed\n");
      497:   35:  val = g->discardCount[who];
      497:   36:  assertTF(val != nDiscard, "Card(s) have been discarded\n");
        -:   37:
      497:   38:  if (failed){
        6:   39:    printf("FAILURE FOUND\n\n");
        -:   40:  }
        -:   41:
      497:   42:  failed = 0;
      497:   43:  return 0;
        -:   44:}
        -:   45:
        1:   46:int main(int argc, char *argv[]){
        -:   47:  int j, numplayers, randSeed, runt, volte;
        -:   48:  int handSz, deckSz, nDiscard, currcoins;
        1:   49:  int k[10] = {smithy, adventurer, gardens, embargo, cutpurse, mine, ambassador,
        -:   50:               outpost, baron, tribute};
        -:   51:  int choice[4];
        1:   52:  srand(time(NULL)); // Seed rng
        -:   53:  
        -:   54:  struct gameState g;
        -:   55:
        1:   56:  printf("``adventurer`` -- RANDOM TESTS START \n");
        -:   57:
        1:   58:  if (argc >= 2){
        1:   59:    randSeed = atoi(argv[1]);
        -:   60:  }
        -:   61:  else{
    #####:   62:    randSeed = rand();
        -:   63:  }
        -:   64:
        -:   65:  //numplayers = rand() % 3 + 2;
        -:   66:  //initializeGame(numplayers, k, randSeed, &g);
        -:   67:
        1:   68:  volte = rand() % 1000;
        1:   69:  printf("Tests run: %d\n", (volte));
        -:   70:
      498:   71:  for (runt = 0; runt < volte; runt++){
      497:   72:    numplayers = rand() % 3 + 2;
      497:   73:    initializeGame(numplayers, k, randSeed, &g);
      497:   74:    g.deckCount[0] = rand() % MAX_DECK;
      497:   75:    g.handCount[0] = rand() % MAX_HAND;
      497:   76:    g.discardCount[0] = rand() % MAX_HAND;
        -:   77:    // Randomly generating choices to be made
     1988:   78:    for (j = 0; j < 3; j++){
     1491:   79:      choice[j] = rand() % 3 + 1;
        -:   80:    }
        -:   81:    //handPos = rand() % g.handCount[i];
      497:   82:    g.hand[0][0] = adventurer;
      497:   83:    deckSz = g.deckCount[0];
      497:   84:    handSz = g.handCount[0];
      497:   85:    nDiscard = g.discardCount[0];
      497:   86:    currcoins = g.coins;
        -:   87:  
      497:   88:    playCard(0, choice[0], choice[1], choice[2], &g);
      497:   89:    runthru(&g, handSz, deckSz, currcoins, nDiscard, 0); 
        -:   90:  }
        1:   91:  printf("``adventurer`` -- RANDOM TESTING COMPLETE \n\n");
        1:   92:  checkasserts();
        1:   93:  return 0;
        -:   94:}
