        -:    0:Source:tests/randomtestcard1.c
        -:    0:Graph:randomtestcard1.gcno
        -:    0:Data:randomtestcard1.gcda
        -:    0:Runs:1
        -:    0:Programs:1
        -:    1:#include <stdlib.h>
        -:    2:#include <stdio.h>
        -:    3:#include <math.h>
        -:    4:#include <time.h>
        -:    5:#include "../dominion.h"
        -:    6:#include "../rngs.h"
        -:    7:
        -:    8:// Random Test Cutpurse
        -:    9:
        -:   10:int failed = 0;
        -:   11:
     2872:   12:void assertTF(int b, char *msg){
     2872:   13:  if (b == 0){
     2147:   14:    printf("FAILED ASSERTION: %s", msg);
     2147:   15:    failed = 1;
        -:   16:  }
     2872:   17:}
        -:   18:
        1:   19:void checkasserts(){
        1:   20:  if (!failed){
        1:   21:    printf("TESTS COMPLETED\n\n");
        -:   22:  }
        1:   23:}
        -:   24:
      718:   25:int runthru(struct gameState *g, int handSz, int deckSz, int currcoins,
        -:   26:            int nDiscard, int who){
        -:   27:  int val;
        -:   28:
      718:   29:  val = g->handCount[who];
      718:   30:  assertTF(val != handSz, "Number of cards in hand has changed\n");
      718:   31:  val = g->deckCount[who];
      718:   32:  assertTF(val != deckSz, "Number of cards in deck has changed\n");
      718:   33:  val = g->coins;
      718:   34:  assertTF(val != currcoins, "Number of coins in hand has changed\n");
      718:   35:  val = g->discardCount[who];
      718:   36:  assertTF(val != nDiscard, "Card(s) have been discarded\n");
        -:   37:
      718:   38:  if (failed){
      718:   39:    printf("FAILURE FOUND\n\n");
        -:   40:  }
        -:   41:
      718:   42:  failed = 0;
      718:   43:  return 0;
        -:   44:}
        -:   45:
        1:   46:int main(int argc, char *argv[]){
        -:   47:  int i, j, numplayers, randSeed, runt, volte;
        -:   48:  int handSz, deckSz, nDiscard, currcoins;
        1:   49:  int k[10] = {smithy, adventurer, gardens, embargo, cutpurse, mine, ambassador,
        -:   50:               outpost, baron, tribute};
        -:   51:  int choice[4];
        1:   52:  srand(time(NULL)); // Seed rng
        -:   53:
        -:   54:  struct gameState g;
        -:   55:
        1:   56:  printf("``cutpurse`` -- RANDOM TESTS START \n");
        -:   57:
        1:   58:  if (argc >= 2){
        1:   59:    randSeed = atoi(argv[1]);
        -:   60:  }else{
    #####:   61:    randSeed = rand();
        -:   62:  }
        -:   63:
        -:   64:  //numplayers = rand() % 3 + 2;
        -:   65:  //initializeGame(numplayers, k, randSeed, &g);
        -:   66:
        1:   67:  volte = rand() % 1000;
        1:   68:  printf("Tests run: %d\n", (volte));
        -:   69:
      719:   70:  for (runt = 0; runt < volte; runt++){
      718:   71:      numplayers = rand() % 3 + 2;
      718:   72:      initializeGame(numplayers, k, randSeed, &g);
        -:   73:    //for (i = 0; i < numplayers; i++){
      718:   74:      g.deckCount[0] = rand() % MAX_DECK;
      718:   75:      g.handCount[0] = rand() % MAX_HAND;
      718:   76:      g.discardCount[0] = rand() % MAX_HAND;
        -:   77:      // Inner loop randomly generates choices from 1-3 for function cardEffect
     2872:   78:      for (j = 0; j < 3; j++){
     2154:   79:        choice[j] = rand() % 3 + 1;
        -:   80:      }
        -:   81:      //handPos = rand() % g.handCount[i];
      718:   82:      g.hand[0][0] = cutpurse;
      718:   83:      deckSz = g.deckCount[0];
      718:   84:      handSz = g.handCount[0];
      718:   85:      nDiscard = g.discardCount[0];
      718:   86:      currcoins = g.coins;
        -:   87:  
      718:   88:      playCard(0, choice[0], choice[1], choice[2], &g);
      718:   89:      runthru(&g, handSz, deckSz, currcoins, nDiscard, 0);
        -:   90:    //}
        -:   91:  }
        1:   92:  printf("``cutpurse`` -- RANDOM TESTING COMPLETE \n");
        1:   93:  checkasserts();
        1:   94:  return 0;
        -:   95:}
