        -:    0:Source:tests/randomtestcard1.c
        -:    0:Graph:randomtestcard1.gcno
        -:    0:Data:randomtestcard1.gcda
        -:    0:Runs:1
        -:    0:Programs:1
        -:    1:#include <stdlib.h>
        -:    2:#include <stdio.h>
        -:    3:#include <math.h>
        -:    4:#include <time.h>
        -:    5:#include "../dominion.h"
        -:    6:#include "../rngs.h"
        -:    7:
        -:    8:// Random Test Cutpurse
        -:    9:
        -:   10:int failed = 0;
        -:   11:
     1988:   12:void assertTF(int b, char *msg){
     1988:   13:  if (b == 0){
     1490:   14:    printf("FAILED ASSERTION: %s", msg);
     1490:   15:    failed = 1;
        -:   16:  }
     1988:   17:}
        -:   18:
        1:   19:void checkasserts(){
        1:   20:  if (!failed){
        1:   21:    printf("TESTS COMPLETED\n\n");
        -:   22:  }
        1:   23:}
        -:   24:
      497:   25:int runthru(struct gameState *g, int handSz, int deckSz, int currcoins,
        -:   26:            int nDiscard, int who){
        -:   27:  int val;
        -:   28:
      497:   29:  val = g->handCount[who];
      497:   30:  assertTF(val != handSz, "Number of cards in hand has changed\n");
      497:   31:  val = g->deckCount[who];
      497:   32:  assertTF(val != deckSz, "Number of cards in deck has changed\n");
      497:   33:  val = g->coins;
      497:   34:  assertTF(val != currcoins, "Number of coins in hand has changed\n");
      497:   35:  val = g->discardCount[who];
      497:   36:  assertTF(val != nDiscard, "Card(s) have been discarded\n");
        -:   37:
      497:   38:  if (failed){
      497:   39:    printf("FAILURE FOUND\n\n");
        -:   40:  }
        -:   41:
      497:   42:  failed = 0;
      497:   43:  return 0;
        -:   44:}
        -:   45:
        1:   46:int main(int argc, char *argv[]){
        -:   47:  int j, numplayers, randSeed, runt, volte;
        -:   48:  int handSz, deckSz, nDiscard, currcoins;
        1:   49:  int k[10] = {smithy, adventurer, gardens, embargo, cutpurse, mine, ambassador,
        -:   50:               outpost, baron, tribute};
        -:   51:  int choice[4];
        1:   52:  srand(time(NULL)); // Seed rng
        -:   53:
        -:   54:  struct gameState g;
        -:   55:
        1:   56:  printf("``cutpurse`` -- RANDOM TESTS START \n");
        -:   57:
        1:   58:  if (argc >= 2){
        1:   59:    randSeed = atoi(argv[1]);
        -:   60:  }else{
    #####:   61:    randSeed = rand();
        -:   62:  }
        1:   63:  volte = rand() % 1000;
        1:   64:  printf("Tests run: %d\n", (volte));
        -:   65:
      498:   66:  for (runt = 0; runt < volte; runt++){
      497:   67:    numplayers = rand() % 3 + 2;
      497:   68:    initializeGame(numplayers, k, randSeed, &g);
      497:   69:    g.deckCount[0] = rand() % MAX_DECK;
      497:   70:    g.handCount[0] = rand() % MAX_HAND;
      497:   71:    g.discardCount[0] = rand() % MAX_HAND;
        -:   72:    // Inner loop randomly generates choices from 1-3 for function cardEffect
     1988:   73:    for (j = 0; j < 3; j++){
     1491:   74:      choice[j] = rand() % 3 + 1;
        -:   75:    }
      497:   76:    g.hand[0][0] = cutpurse;
      497:   77:    deckSz = g.deckCount[0];
      497:   78:    handSz = g.handCount[0];
      497:   79:    nDiscard = g.discardCount[0];
      497:   80:    currcoins = g.coins;
        -:   81:  
      497:   82:    playCard(0, choice[0], choice[1], choice[2], &g);
      497:   83:    runthru(&g, handSz, deckSz, currcoins, nDiscard, 0);
        -:   84:  }
        1:   85:  printf("``cutpurse`` -- RANDOM TESTING COMPLETE \n");
        1:   86:  checkasserts();
        1:   87:  return 0;
        -:   88:}
